****************************************
Report : Time Based Power
	-hierarchy
	-verbose
	-nosplit
Design : mod2
Version: T-2022.03-SP3
Date   : Thu Nov  9 01:05:26 2023
****************************************

Sampling Interval: 0.0001 ns

Library(s) Used:

    saed32rvt_tt1p05v25c (File: /afs/umich.edu/class/eecs598-002/SAED32/SAED32_EDK/lib/stdcell_rvt/db_ccs/saed32rvt_tt1p05v25c.db)


Operating Conditions: tt1p05v25c   Library: saed32rvt_tt1p05v25c
Wire Load Model Mode: enclosed

Cell               Design       Wire_model  Library       Selection_type
--------------------------------------------------------------------------------
                   mod2         8000        saed32rvt_tt1p05v25c automatic-by-area

Power-specific unit information :
    Voltage Units = 1 V
    Capacitance Units = 0.001 pf
    Time Units = 1 ns
    Dynamic Power Units = 1 W
    Leakage Power Units = 1 W



                                      Int      Switch   Leak     Peak     Peak            Glitch   X-tran   Total
Hierarchy                             Power    Power    Power    Power    Time            Power    Power    Power    %
-----------------------------------------------------------------------------------------------------------------------------
mod2                                  3.61e-06 3.06e-06 2.62e-05 1.51e-02 7185303.1629-7185303.1630    0.000 3.27e-11 3.29e-05 100.0
1
